<?xml version="1.0" encoding="UTF-8"?>
<testsuite xmlns:xsi="http://www.w3.org/2001/XMLSchema-instance" xsi:noNamespaceSchemaLocation="https://maven.apache.org/surefire/maven-surefire-plugin/xsd/surefire-test-report-3.0.xsd" version="3.0" name="com.guilherme.project.languageplatform.FlashCardServiceTest" time="3.306" tests="1" errors="0" skipped="0" failures="0">
  <properties>
[...]
</properties>
  <testcase name="testGetAllFlashCards" classname="com.guilherme.project.languageplatform.FlashCardServiceTest" time="0.695">
    <system-out><![CDATA[14:41:38.755 [main] INFO org.springframework.test.context.support.AnnotationConfigContextLoaderUtils -- Could not detect default configuration classes for test class [com.guilherme.project.languageplatform.FlashCardServiceTest]: FlashCardServiceTest does not declare any static, non-private, non-final, nested classes annotated with @Configuration.
14:41:38.789 [main] INFO org.springframework.boot.test.context.SpringBootTestContextBootstrapper -- Found @SpringBootConfiguration com.guilherme.project.languageplatform.LanguageplatformApplication for test class com.guilherme.project.languageplatform.FlashCardServiceTest
14:41:38.837 [main] INFO org.springframework.boot.devtools.restart.RestartApplicationListener -- Restart disabled due to context in which it is running

  .   ____          _            __ _ _
 /\\ / ___'_ __ _ _(_)_ __  __ _ \ \ \ \
( ( )\___ | '_ | '_| | '_ \/ _` | \ \ \ \
 \\/  ___)| |_)| | | | | || (_| |  ) ) ) )
  '  |____| .__|_| |_|_| |_\__, | / / / /
 =========|_|==============|___/=/_/_/_/
&amp#27;[32m :: Spring Boot :: &amp#27;[39m              &amp#27;[2m (v3.2.5)&amp#27;[0;39m

&amp#27;[2m2025-07-14T14:41:38.915+01:00&amp#27;[0;39m &amp#27;[32m INFO&amp#27;[0;39m &amp#27;[35m20577&amp#27;[0;39m &amp#27;[2m---&amp#27;[0;39m &amp#27;[2m[           main]&amp#27;[0;39m &amp#27;[2m&amp#27;[0;39m&amp#27;[36mc.g.p.l.FlashCardServiceTest            &amp#27;[0;39m &amp#27;[2m:&amp#27;[0;39m Starting FlashCardServiceTest using Java 23.0.2 with PID 20577 (started by guilhermesilveira in /Users/guilhermesilveira/Documents/LanguagePlatformApplication/BACKEND)
&amp#27;[2m2025-07-14T14:41:38.916+01:00&amp#27;[0;39m &amp#27;[32m INFO&amp#27;[0;39m &amp#27;[35m20577&amp#27;[0;39m &amp#27;[2m---&amp#27;[0;39m &amp#27;[2m[           main]&amp#27;[0;39m &amp#27;[2m&amp#27;[0;39m&amp#27;[36mc.g.p.l.FlashCardServiceTest            &amp#27;[0;39m &amp#27;[2m:&amp#27;[0;39m No active profile set, falling back to 1 default profile: "default"
&amp#27;[2m2025-07-14T14:41:39.267+01:00&amp#27;[0;39m &amp#27;[32m INFO&amp#27;[0;39m &amp#27;[35m20577&amp#27;[0;39m &amp#27;[2m---&amp#27;[0;39m &amp#27;[2m[           main]&amp#27;[0;39m &amp#27;[2m&amp#27;[0;39m&amp#27;[36m.s.d.r.c.RepositoryConfigurationDelegate&amp#27;[0;39m &amp#27;[2m:&amp#27;[0;39m Bootstrapping Spring Data JPA repositories in DEFAULT mode.
&amp#27;[2m2025-07-14T14:41:39.290+01:00&amp#27;[0;39m &amp#27;[32m INFO&amp#27;[0;39m &amp#27;[35m20577&amp#27;[0;39m &amp#27;[2m---&amp#27;[0;39m &amp#27;[2m[           main]&amp#27;[0;39m &amp#27;[2m&amp#27;[0;39m&amp#27;[36m.s.d.r.c.RepositoryConfigurationDelegate&amp#27;[0;39m &amp#27;[2m:&amp#27;[0;39m Finished Spring Data repository scanning in 21 ms. Found 5 JPA repository interfaces.
&amp#27;[2m2025-07-14T14:41:39.559+01:00&amp#27;[0;39m &amp#27;[32m INFO&amp#27;[0;39m &amp#27;[35m20577&amp#27;[0;39m &amp#27;[2m---&amp#27;[0;39m &amp#27;[2m[           main]&amp#27;[0;39m &amp#27;[2m&amp#27;[0;39m&amp#27;[36mo.hibernate.jpa.internal.util.LogHelper &amp#27;[0;39m &amp#27;[2m:&amp#27;[0;39m HHH000204: Processing PersistenceUnitInfo [name: default]
&amp#27;[2m2025-07-14T14:41:39.576+01:00&amp#27;[0;39m &amp#27;[32m INFO&amp#27;[0;39m &amp#27;[35m20577&amp#27;[0;39m &amp#27;[2m---&amp#27;[0;39m &amp#27;[2m[           main]&amp#27;[0;39m &amp#27;[2m&amp#27;[0;39m&amp#27;[36morg.hibernate.Version                   &amp#27;[0;39m &amp#27;[2m:&amp#27;[0;39m HHH000412: Hibernate ORM core version 6.4.4.Final
&amp#27;[2m2025-07-14T14:41:39.586+01:00&amp#27;[0;39m &amp#27;[32m INFO&amp#27;[0;39m &amp#27;[35m20577&amp#27;[0;39m &amp#27;[2m---&amp#27;[0;39m &amp#27;[2m[           main]&amp#27;[0;39m &amp#27;[2m&amp#27;[0;39m&amp#27;[36mo.h.c.internal.RegionFactoryInitiator   &amp#27;[0;39m &amp#27;[2m:&amp#27;[0;39m HHH000026: Second-level cache disabled
&amp#27;[2m2025-07-14T14:41:39.661+01:00&amp#27;[0;39m &amp#27;[32m INFO&amp#27;[0;39m &amp#27;[35m20577&amp#27;[0;39m &amp#27;[2m---&amp#27;[0;39m &amp#27;[2m[           main]&amp#27;[0;39m &amp#27;[2m&amp#27;[0;39m&amp#27;[36mo.s.o.j.p.SpringPersistenceUnitInfo     &amp#27;[0;39m &amp#27;[2m:&amp#27;[0;39m No LoadTimeWeaver setup: ignoring JPA class transformer
&amp#27;[2m2025-07-14T14:41:39.677+01:00&amp#27;[0;39m &amp#27;[32m INFO&amp#27;[0;39m &amp#27;[35m20577&amp#27;[0;39m &amp#27;[2m---&amp#27;[0;39m &amp#27;[2m[           main]&amp#27;[0;39m &amp#27;[2m&amp#27;[0;39m&amp#27;[36mcom.zaxxer.hikari.HikariDataSource      &amp#27;[0;39m &amp#27;[2m:&amp#27;[0;39m HikariPool-1 - Starting...
&amp#27;[2m2025-07-14T14:41:40.029+01:00&amp#27;[0;39m &amp#27;[32m INFO&amp#27;[0;39m &amp#27;[35m20577&amp#27;[0;39m &amp#27;[2m---&amp#27;[0;39m &amp#27;[2m[           main]&amp#27;[0;39m &amp#27;[2m&amp#27;[0;39m&amp#27;[36mcom.zaxxer.hikari.pool.HikariPool       &amp#27;[0;39m &amp#27;[2m:&amp#27;[0;39m HikariPool-1 - Added connection com.mysql.cj.jdbc.ConnectionImpl@6aadb092
&amp#27;[2m2025-07-14T14:41:40.030+01:00&amp#27;[0;39m &amp#27;[32m INFO&amp#27;[0;39m &amp#27;[35m20577&amp#27;[0;39m &amp#27;[2m---&amp#27;[0;39m &amp#27;[2m[           main]&amp#27;[0;39m &amp#27;[2m&amp#27;[0;39m&amp#27;[36mcom.zaxxer.hikari.HikariDataSource      &amp#27;[0;39m &amp#27;[2m:&amp#27;[0;39m HikariPool-1 - Start completed.
&amp#27;[2m2025-07-14T14:41:40.093+01:00&amp#27;[0;39m &amp#27;[33m WARN&amp#27;[0;39m &amp#27;[35m20577&amp#27;[0;39m &amp#27;[2m---&amp#27;[0;39m &amp#27;[2m[           main]&amp#27;[0;39m &amp#27;[2m&amp#27;[0;39m&amp#27;[36morg.hibernate.orm.deprecation           &amp#27;[0;39m &amp#27;[2m:&amp#27;[0;39m HHH90000025: MySQLDialect does not need to be specified explicitly using 'hibernate.dialect' (remove the property setting and it will be selected by default)
&amp#27;[2m2025-07-14T14:41:40.449+01:00&amp#27;[0;39m &amp#27;[32m INFO&amp#27;[0;39m &amp#27;[35m20577&amp#27;[0;39m &amp#27;[2m---&amp#27;[0;39m &amp#27;[2m[           main]&amp#27;[0;39m &amp#27;[2m&amp#27;[0;39m&amp#27;[36mo.h.e.t.j.p.i.JtaPlatformInitiator      &amp#27;[0;39m &amp#27;[2m:&amp#27;[0;39m HHH000489: No JTA platform available (set 'hibernate.transaction.jta.platform' to enable JTA platform integration)
&amp#27;[2m2025-07-14T14:41:40.449+01:00&amp#27;[0;39m &amp#27;[32m INFO&amp#27;[0;39m &amp#27;[35m20577&amp#27;[0;39m &amp#27;[2m---&amp#27;[0;39m &amp#27;[2m[           main]&amp#27;[0;39m &amp#27;[2m&amp#27;[0;39m&amp#27;[36mj.LocalContainerEntityManagerFactoryBean&amp#27;[0;39m &amp#27;[2m:&amp#27;[0;39m Initialized JPA EntityManagerFactory for persistence unit 'default'
&amp#27;[2m2025-07-14T14:41:40.758+01:00&amp#27;[0;39m &amp#27;[33m WARN&amp#27;[0;39m &amp#27;[35m20577&amp#27;[0;39m &amp#27;[2m---&amp#27;[0;39m &amp#27;[2m[           main]&amp#27;[0;39m &amp#27;[2m&amp#27;[0;39m&amp#27;[36mJpaBaseConfiguration$JpaWebConfiguration&amp#27;[0;39m &amp#27;[2m:&amp#27;[0;39m spring.jpa.open-in-view is enabled by default. Therefore, database queries may be performed during view rendering. Explicitly configure spring.jpa.open-in-view to disable this warning
&amp#27;[2m2025-07-14T14:41:40.960+01:00&amp#27;[0;39m &amp#27;[32m INFO&amp#27;[0;39m &amp#27;[35m20577&amp#27;[0;39m &amp#27;[2m---&amp#27;[0;39m &amp#27;[2m[           main]&amp#27;[0;39m &amp#27;[2m&amp#27;[0;39m&amp#27;[36mo.s.b.a.e.web.EndpointLinksResolver     &amp#27;[0;39m &amp#27;[2m:&amp#27;[0;39m Exposing 1 endpoint(s) beneath base path '/actuator'
&amp#27;[2m2025-07-14T14:41:41.014+01:00&amp#27;[0;39m &amp#27;[32m INFO&amp#27;[0;39m &amp#27;[35m20577&amp#27;[0;39m &amp#27;[2m---&amp#27;[0;39m &amp#27;[2m[           main]&amp#27;[0;39m &amp#27;[2m&amp#27;[0;39m&amp#27;[36mo.s.s.web.DefaultSecurityFilterChain    &amp#27;[0;39m &amp#27;[2m:&amp#27;[0;39m Will secure any request with [org.springframework.security.web.session.DisableEncodeUrlFilter@57642552, org.springframework.security.web.context.request.async.WebAsyncManagerIntegrationFilter@32b5b8f8, org.springframework.security.web.context.SecurityContextHolderFilter@f9d7d3f, org.springframework.security.web.header.HeaderWriterFilter@2c6c6b7b, org.springframework.web.filter.CorsFilter@205efdfc, org.springframework.security.web.authentication.logout.LogoutFilter@740ddb41, com.guilherme.project.languageplatform.security.JwtAuthenticationFilter@486d1868, org.springframework.security.web.savedrequest.RequestCacheAwareFilter@68226b59, org.springframework.security.web.servletapi.SecurityContextHolderAwareRequestFilter@43ef1243, org.springframework.security.web.authentication.AnonymousAuthenticationFilter@4306709f, org.springframework.security.web.session.SessionManagementFilter@24c8bc1e, org.springframework.security.web.access.ExceptionTranslationFilter@44f86613, org.springframework.security.web.access.intercept.AuthorizationFilter@76d1acf9]
&amp#27;[2m2025-07-14T14:41:41.253+01:00&amp#27;[0;39m &amp#27;[32m INFO&amp#27;[0;39m &amp#27;[35m20577&amp#27;[0;39m &amp#27;[2m---&amp#27;[0;39m &amp#27;[2m[           main]&amp#27;[0;39m &amp#27;[2m&amp#27;[0;39m&amp#27;[36mc.g.p.l.FlashCardServiceTest            &amp#27;[0;39m &amp#27;[2m:&amp#27;[0;39m Started FlashCardServiceTest in 2.419 seconds (process running for 2.741)
Hibernate: select fc1_0.flashCardID,fc1_0.correctAnswer,fc1_0.difficultyLevel,fc1_0.optionA,fc1_0.optionB,fc1_0.optionC,fc1_0.optionD,fc1_0.sentence from FlashCard fc1_0
Hibernate: select psfc1_0.flashCardID,psfc1_0.sessionID,psfc1_0.positionInQueue,psfc1_0.rating,s1_0.sessionID,s1_0.endTime,s1_0.sessionStatus,s1_0.startTime,s1_0.studentID from PracticeSessionFlashCard psfc1_0 left join PracticeSession s1_0 on s1_0.sessionID=psfc1_0.sessionID where psfc1_0.flashCardID=?
Hibernate: delete from FlashCard where flashCardID=?
Hibernate: insert into FlashCard (correctAnswer,difficultyLevel,optionA,optionB,optionC,optionD,sentence) values (?,?,?,?,?,?,?)
Hibernate: select fc1_0.flashCardID,fc1_0.correctAnswer,fc1_0.difficultyLevel,fc1_0.optionA,fc1_0.optionB,fc1_0.optionC,fc1_0.optionD,fc1_0.sentence from FlashCard fc1_0
✅ Test ran successfully. Flashcard count: 1
]]></system-out>
    <system-err><![CDATA[WARNING: A Java agent has been loaded dynamically (/Users/guilhermesilveira/.m2/repository/net/bytebuddy/byte-buddy-agent/1.14.13/byte-buddy-agent-1.14.13.jar)
WARNING: If a serviceability tool is in use, please run with -XX:+EnableDynamicAgentLoading to hide this warning
WARNING: If a serviceability tool is not in use, please run with -Djdk.instrument.traceUsage for more information
WARNING: Dynamic loading of agents will be disallowed by default in a future release
]]></system-err>
  </testcase>
</testsuite>